0 info it worked if it ends with ok
1 verbose cli [ 'C:\\Program Files (x86)\\iojs\\node.exe',
1 verbose cli   'C:\\Program Files (x86)\\iojs\\node_modules\\npm\\bin\\npm-cli.js',
1 verbose cli   'start' ]
2 info using npm@2.13.0
3 info using node@v2.4.0
4 verbose stack Error: ENOENT: no such file or directory, open 'C:\JavaScript\Estudo\exemplo8_simples\package.json'
4 verbose stack     at Error (native)
5 verbose cwd C:\JavaScript\Estudo\exemplo8_simples
6 error Windows_NT 6.1.7601
7 error argv "C:\\Program Files (x86)\\iojs\\node.exe" "C:\\Program Files (x86)\\iojs\\node_modules\\npm\\bin\\npm-cli.js" "start"
8 error node v2.4.0
9 error npm  v2.13.0
10 error path C:\JavaScript\Estudo\exemplo8_simples\package.json
11 error code ENOENT
12 error errno -4058
13 error syscall open
14 error enoent ENOENT: no such file or directory, open 'C:\JavaScript\Estudo\exemplo8_simples\package.json'
14 error enoent This is most likely not a problem with npm itself
14 error enoent and is related to npm not being able to find a file.
15 verbose exit [ -4058, true ]
